<?xml version="1.0" encoding="UTF-8"?>
<!-- Generated by org.testng.reporters.JUnitReportReporter -->
<testsuite hostname="DESKTOP-L5S1BFV" failures="0" tests="1" name="assignment1.Scenario2" time="3.699" errors="0" timestamp="2020-04-23T06:38:17 IST" skipped="0">
  <testcase classname="assignment1.Scenario2" name="updateUser" time="3.699"/>
  <system-out/>
</testsuite> <!-- assignment1.Scenario2 -->
