<?xml version="1.0" encoding="UTF-8"?>
<!-- Generated by org.testng.reporters.JUnitReportReporter -->
<testsuite hostname="DESKTOP-L5S1BFV" failures="0" tests="2" name="assignment1.Scenario1" time="3.402" errors="0" timestamp="2020-04-23T06:38:17 IST" skipped="0">
  <testcase classname="assignment1.Scenario1" name="createNewUser" time="2.070"/>
  <system-out/>
  <testcase classname="assignment1.Scenario1" name="getUserInformation" time="1.332"/>
  <system-out/>
</testsuite> <!-- assignment1.Scenario1 -->
