<?xml version="1.0" encoding="UTF-8"?>
<!-- Generated by org.testng.reporters.JUnitReportReporter -->
<testsuite hostname="DESKTOP-L5S1BFV" failures="0" tests="1" name="assignment1.APITest" time="14.485" errors="0" timestamp="2020-04-22T07:08:18 IST" skipped="0">
  <testcase classname="assignment1.APITest" name="getUserInformation" time="14.485"/>
  <system-out/>
</testsuite> <!-- assignment1.APITest -->
